<?xml version="1.0" encoding="UTF-8"?>
<!-- Generated by org.testng.reporters.JUnitReportReporter -->
<testsuite skipped="7" hostname="UX010165-TPV-A" name="mytr.cucumber.ex.testrunner.TestNGRunner" tests="7" failures="0" timestamp="28 Jul 2017 05:39:14 GMT" time="0.000" errors="0">
  <testcase name="feature" time="0.000" classname="mytr.cucumber.ex.testrunner.TestNGRunner">
    <skipped/>
  </testcase> <!-- feature -->
  <testcase name="feature" time="0.000" classname="mytr.cucumber.ex.testrunner.TestNGRunner">
    <skipped/>
  </testcase> <!-- feature -->
  <testcase name="feature" time="0.000" classname="mytr.cucumber.ex.testrunner.TestNGRunner">
    <skipped/>
  </testcase> <!-- feature -->
  <testcase name="feature" time="0.000" classname="mytr.cucumber.ex.testrunner.TestNGRunner">
    <skipped/>
  </testcase> <!-- feature -->
  <testcase name="feature" time="0.000" classname="mytr.cucumber.ex.testrunner.TestNGRunner">
    <skipped/>
  </testcase> <!-- feature -->
  <testcase name="feature" time="0.000" classname="mytr.cucumber.ex.testrunner.TestNGRunner">
    <skipped/>
  </testcase> <!-- feature -->
  <testcase name="feature" time="0.000" classname="mytr.cucumber.ex.testrunner.TestNGRunner">
    <skipped/>
  </testcase> <!-- feature -->
</testsuite> <!-- mytr.cucumber.ex.testrunner.TestNGRunner -->
